<?xml version="1.0" encoding="UTF-8"?>
<!-- Generated by org.testng.reporters.JUnitReportReporter -->
<testsuite skipped="0" hostname="DESKTOP-6U4SDTT" name="ru.opening.ui.test.OpeningTest" tests="3" failures="0" timestamp="29 Jun 2020 12:36:34 GMT" time="46.526" errors="0">
  <testcase name="openBankSiteTest" time="12.814" classname="ru.opening.ui.test.OpeningTest"/>
  <testcase name="currencyPriceCheckTest" time="27.698" classname="ru.opening.ui.test.OpeningTest"/>
  <testcase name="searchOpeningSiteTest" time="6.014" classname="ru.opening.ui.test.OpeningTest"/>
</testsuite> <!-- ru.opening.ui.test.OpeningTest -->
