<?xml version="1.0" encoding="UTF-8"?>
<!-- Generated by org.testng.reporters.JUnitReportReporter -->
<testsuite skipped="0" hostname="DESKTOP-6U4SDTT" name="ru.opening.rest.test.UserListTest" tests="1" failures="0" timestamp="29 Jun 2020 12:36:34 GMT" time="19.845" errors="0">
  <testcase name="restServiceTest" time="19.845" classname="ru.opening.rest.test.UserListTest"/>
</testsuite> <!-- ru.opening.rest.test.UserListTest -->
