<?xml version="1.0" encoding="UTF-8"?>
<!-- Generated by org.testng.reporters.JUnitReportReporter -->
<testsuite skipped="0" hostname="DESKTOP-6U4SDTT" name="ru.opening.ui.test.OpenTest" tests="3" failures="0" timestamp="29 Jun 2020 12:24:42 GMT" time="55.960" errors="0">
  <testcase name="currencyPriceCheckTest" time="36.205" classname="ru.opening.ui.test.OpenTest"/>
  <testcase name="openBankSiteTest" time="15.380" classname="ru.opening.ui.test.OpenTest"/>
  <testcase name="searchOpeningSiteTest" time="4.375" classname="ru.opening.ui.test.OpenTest"/>
</testsuite> <!-- ru.opening.ui.test.OpenTest -->
